c:\users\swift\onedrive\desktop\c++ sfml projects\gameproject\gameproject\debug\vc141.pdb
c:\users\swift\onedrive\desktop\c++ sfml projects\gameproject\gameproject\debug\vc141.idb
c:\users\swift\onedrive\desktop\c++ sfml projects\gameproject\gameproject\debug\enemy.obj
c:\users\swift\onedrive\desktop\c++ sfml projects\gameproject\gameproject\debug\globals.obj
c:\users\swift\onedrive\desktop\c++ sfml projects\gameproject\gameproject\debug\map.obj
c:\users\swift\onedrive\desktop\c++ sfml projects\gameproject\gameproject\debug\player.obj
c:\users\swift\onedrive\desktop\c++ sfml projects\gameproject\gameproject\debug\main_menu.obj
c:\users\swift\onedrive\desktop\c++ sfml projects\gameproject\gameproject\debug\game_loop.obj
c:\users\swift\onedrive\desktop\c++ sfml projects\gameproject\gameproject\debug\high_scores.obj
c:\users\swift\onedrive\desktop\c++ sfml projects\gameproject\gameproject\debug\game_over.obj
c:\users\swift\onedrive\desktop\c++ sfml projects\gameproject\gameproject\debug\main.obj
c:\users\swift\onedrive\desktop\c++ sfml projects\gameproject\debug\gameproject.ilk
c:\users\swift\onedrive\desktop\c++ sfml projects\gameproject\debug\gameproject.exe
c:\users\swift\onedrive\desktop\c++ sfml projects\gameproject\debug\gameproject.pdb
c:\users\swift\onedrive\desktop\c++ sfml projects\gameproject\gameproject\debug\gameproject.tlog\cl.command.1.tlog
c:\users\swift\onedrive\desktop\c++ sfml projects\gameproject\gameproject\debug\gameproject.tlog\cl.read.1.tlog
c:\users\swift\onedrive\desktop\c++ sfml projects\gameproject\gameproject\debug\gameproject.tlog\cl.write.1.tlog
c:\users\swift\onedrive\desktop\c++ sfml projects\gameproject\gameproject\debug\gameproject.tlog\link.command.1.tlog
c:\users\swift\onedrive\desktop\c++ sfml projects\gameproject\gameproject\debug\gameproject.tlog\link.read.1.tlog
c:\users\swift\onedrive\desktop\c++ sfml projects\gameproject\gameproject\debug\gameproject.tlog\link.write.1.tlog
