  Enemy.cpp
c:\users\swift\onedrive\desktop\c++ sfml projects\gameproject\gameproject\enemy.cpp(20): warning C4305: '=': truncation from 'double' to 'float'
c:\users\swift\onedrive\desktop\c++ sfml projects\gameproject\gameproject\enemy.cpp(78): warning C4244: 'argument': conversion from 'int' to 'float', possible loss of data
c:\users\swift\onedrive\desktop\c++ sfml projects\gameproject\gameproject\enemy.cpp(79): warning C4244: 'argument': conversion from 'unsigned int' to 'float', possible loss of data
c:\users\swift\onedrive\desktop\c++ sfml projects\gameproject\gameproject\enemy.cpp(79): warning C4244: 'argument': conversion from 'int' to 'float', possible loss of data
c:\users\swift\onedrive\desktop\c++ sfml projects\gameproject\gameproject\enemy.cpp(80): warning C4244: 'argument': conversion from 'int' to 'float', possible loss of data
c:\users\swift\onedrive\desktop\c++ sfml projects\gameproject\gameproject\enemy.cpp(81): warning C4244: 'argument': conversion from 'int' to 'float', possible loss of data
c:\users\swift\onedrive\desktop\c++ sfml projects\gameproject\gameproject\enemy.cpp(81): warning C4244: 'argument': conversion from 'unsigned int' to 'float', possible loss of data
  Globals.cpp
  Map.cpp
c:\users\swift\onedrive\desktop\c++ sfml projects\gameproject\gameproject\map.cpp(78): warning C4018: '<': signed/unsigned mismatch
c:\users\swift\onedrive\desktop\c++ sfml projects\gameproject\gameproject\map.cpp(80): warning C4018: '<': signed/unsigned mismatch
c:\users\swift\onedrive\desktop\c++ sfml projects\gameproject\gameproject\map.cpp(82): warning C4244: 'argument': conversion from 'int' to 'float', possible loss of data
c:\users\swift\onedrive\desktop\c++ sfml projects\gameproject\gameproject\map.cpp(92): warning C4018: '<': signed/unsigned mismatch
c:\users\swift\onedrive\desktop\c++ sfml projects\gameproject\gameproject\map.cpp(94): warning C4018: '<': signed/unsigned mismatch
c:\users\swift\onedrive\desktop\c++ sfml projects\gameproject\gameproject\map.cpp(98): warning C4244: 'argument': conversion from 'int' to 'float', possible loss of data
c:\users\swift\onedrive\desktop\c++ sfml projects\gameproject\gameproject\map.cpp(104): warning C4244: 'argument': conversion from 'int' to 'float', possible loss of data
  Player.cpp
c:\users\swift\onedrive\desktop\c++ sfml projects\gameproject\gameproject\player.cpp(33): warning C4018: '<': signed/unsigned mismatch
c:\users\swift\onedrive\desktop\c++ sfml projects\gameproject\gameproject\player.cpp(47): warning C4018: '<': signed/unsigned mismatch
c:\users\swift\onedrive\desktop\c++ sfml projects\gameproject\gameproject\player.cpp(63): warning C4018: '<': signed/unsigned mismatch
c:\users\swift\onedrive\desktop\c++ sfml projects\gameproject\gameproject\player.cpp(85): warning C4018: '<': signed/unsigned mismatch
c:\users\swift\onedrive\desktop\c++ sfml projects\gameproject\gameproject\player.cpp(112): warning C4018: '<': signed/unsigned mismatch
c:\users\swift\onedrive\desktop\c++ sfml projects\gameproject\gameproject\player.cpp(122): warning C4018: '<': signed/unsigned mismatch
c:\users\swift\onedrive\desktop\c++ sfml projects\gameproject\gameproject\player.cpp(135): warning C4018: '<': signed/unsigned mismatch
c:\users\swift\onedrive\desktop\c++ sfml projects\gameproject\gameproject\player.cpp(157): warning C4018: '<': signed/unsigned mismatch
c:\users\swift\onedrive\desktop\c++ sfml projects\gameproject\gameproject\player.cpp(188): warning C4305: '=': truncation from 'double' to 'float'
c:\users\swift\onedrive\desktop\c++ sfml projects\gameproject\gameproject\player.cpp(363): warning C4305: '=': truncation from 'double' to 'float'
  Main_Menu.cpp
c:\users\swift\onedrive\desktop\c++ sfml projects\gameproject\gameproject\main_menu.cpp(57): warning C4244: 'argument': conversion from 'unsigned int' to 'float', possible loss of data
c:\users\swift\onedrive\desktop\c++ sfml projects\gameproject\gameproject\main_menu.cpp(63): warning C4244: 'argument': conversion from 'double' to 'float', possible loss of data
c:\users\swift\onedrive\desktop\c++ sfml projects\gameproject\gameproject\main_menu.cpp(68): warning C4244: 'argument': conversion from 'double' to 'float', possible loss of data
c:\users\swift\onedrive\desktop\c++ sfml projects\gameproject\gameproject\main_menu.cpp(73): warning C4244: 'argument': conversion from 'double' to 'float', possible loss of data
  Game_Loop.cpp
c:\users\swift\onedrive\desktop\c++ sfml projects\gameproject\gameproject\game_loop.cpp(32): warning C4244: 'argument': conversion from 'time_t' to 'unsigned int', possible loss of data
c:\users\swift\onedrive\desktop\c++ sfml projects\gameproject\gameproject\game_loop.cpp(66): warning C4244: 'argument': conversion from 'unsigned int' to 'float', possible loss of data
c:\users\swift\onedrive\desktop\c++ sfml projects\gameproject\gameproject\game_loop.cpp(74): warning C4244: 'argument': conversion from 'unsigned int' to 'float', possible loss of data
c:\users\swift\onedrive\desktop\c++ sfml projects\gameproject\gameproject\game_loop.cpp(112): warning C4244: 'argument': conversion from 'unsigned int' to 'float', possible loss of data
  High_Scores.cpp
c:\users\swift\onedrive\desktop\c++ sfml projects\gameproject\gameproject\high_scores.cpp(99): warning C4244: 'argument': conversion from 'unsigned int' to 'float', possible loss of data
c:\users\swift\onedrive\desktop\c++ sfml projects\gameproject\gameproject\high_scores.cpp(105): warning C4244: 'argument': conversion from 'double' to 'float', possible loss of data
c:\users\swift\onedrive\desktop\c++ sfml projects\gameproject\gameproject\high_scores.cpp(109): warning C4244: 'initializing': conversion from 'unsigned int' to 'float', possible loss of data
c:\users\swift\onedrive\desktop\c++ sfml projects\gameproject\gameproject\high_scores.cpp(110): warning C4244: 'initializing': conversion from 'unsigned int' to 'float', possible loss of data
c:\users\swift\onedrive\desktop\c++ sfml projects\gameproject\gameproject\high_scores.cpp(130): warning C4244: 'argument': conversion from 'double' to 'float', possible loss of data
c:\users\swift\onedrive\desktop\c++ sfml projects\gameproject\gameproject\high_scores.cpp(140): warning C4244: 'argument': conversion from 'unsigned int' to 'float', possible loss of data
  Game_Over.cpp
c:\users\swift\onedrive\desktop\c++ sfml projects\gameproject\gameproject\game_over.cpp(60): warning C4244: 'argument': conversion from 'unsigned int' to 'float', possible loss of data
c:\users\swift\onedrive\desktop\c++ sfml projects\gameproject\gameproject\game_over.cpp(60): warning C4244: 'argument': conversion from 'double' to 'float', possible loss of data
c:\users\swift\onedrive\desktop\c++ sfml projects\gameproject\gameproject\game_over.cpp(66): warning C4244: 'argument': conversion from 'double' to 'float', possible loss of data
c:\users\swift\onedrive\desktop\c++ sfml projects\gameproject\gameproject\game_over.cpp(69): warning C4244: 'argument': conversion from 'unsigned int' to 'float', possible loss of data
c:\users\swift\onedrive\desktop\c++ sfml projects\gameproject\gameproject\game_over.cpp(75): warning C4244: 'argument': conversion from 'unsigned int' to 'float', possible loss of data
c:\users\swift\onedrive\desktop\c++ sfml projects\gameproject\gameproject\game_over.cpp(75): warning C4244: 'argument': conversion from 'double' to 'float', possible loss of data
c:\users\swift\onedrive\desktop\c++ sfml projects\gameproject\gameproject\game_over.cpp(84): warning C4244: 'argument': conversion from 'double' to 'float', possible loss of data
c:\users\swift\onedrive\desktop\c++ sfml projects\gameproject\gameproject\game_over.cpp(84): warning C4244: 'argument': conversion from 'unsigned int' to 'float', possible loss of data
c:\users\swift\onedrive\desktop\c++ sfml projects\gameproject\gameproject\game_over.cpp(89): warning C4244: 'argument': conversion from 'double' to 'float', possible loss of data
  Generating Code...
  Main.cpp
  GameProject.vcxproj -> C:\Users\swift\OneDrive\Desktop\C++ SFML Projects\GameProject\Debug\GameProject.exe
